<?xml version="1.0" encoding="UTF-8"?>
<robot generator="Robot 3.2.2 (Python 3.9.5 on win32)" generated="20220317 12:31:26.504" rpa="false">
<suite id="s1" name="Reqapi" source="C:\Users\ignis\Desktop\Jeni's document\robot\Tests\Reqapi.robot">
<test id="s1-t1" name="Get_apicallPass">
<kw name="Create Session" library="RequestsLibrary">
<doc>Create Session: create a HTTP session to a server</doc>
<arguments>
<arg>myssion</arg>
<arg>${base_url}</arg>
<arg>disable_warnings=1</arg>
</arguments>
<msg timestamp="20220317 12:31:27.276" level="INFO">Creating Session using : alias=myssion, url=https://reqres.in/, headers={},                     cookies={}, auth=None, timeout=None, proxies=None, verify=False,                     debug=0 </msg>
<status status="PASS" starttime="20220317 12:31:27.275" endtime="20220317 12:31:27.277"></status>
</kw>
<kw name="Get Request" library="RequestsLibrary">
<doc>Send a GET request on the session object found using the
given `alias`</doc>
<arguments>
<arg>myssion</arg>
<arg>/api/users?page=2</arg>
</arguments>
<assign>
<var>${response}</var>
</assign>
<msg timestamp="20220317 12:31:27.590" level="INFO">GET Request : url=https://reqres.in//api/users?page=2 
 path_url=//api/users?page=2 
 headers={'User-Agent': 'python-requests/2.27.1', 'Accept-Encoding': 'gzip, deflate', 'Accept': '*/*', 'Connection': 'keep-alive'} 
 body=None 
 </msg>
<msg timestamp="20220317 12:31:27.591" level="INFO">GET Response : url=https://reqres.in//api/users?page=2 
 status=404, reason=Not Found 
 body=&lt;!DOCTYPE html&gt;
&lt;html lang="en"&gt;
    &lt;head&gt;
        &lt;!-- Google Tag Manager --&gt;
        &lt;script&gt;
            ;(function (w, d, s, l, i) {
                w[l] = w[l] || []
                w[l].push({
                    'gtm.start': new Date().getTime(),
                    event: 'gtm.js',
                })
                var f = d.getElementsByTagName(s)[0],
                    j = d.createElement(s),
                    dl = l != 'dataLayer' ? '&amp;l=' + l : ''
                j.async = true
                j.src = 'https://www.googletagmanager.com/gtm.js?id=' + i + dl
                f.parentNode.insertBefore(j, f)
            })(window, document, 'script', 'dataLayer', 'GTM-KB622KF')
        &lt;/script&gt;
        &lt;!-- End Google Tag Manager --&gt;
        &lt;script src="https://js.stripe.com/v3/"&gt;&lt;/script&gt;
        &lt;meta charset="utf-8" /&gt;
        &lt;meta
            name="viewport"
            content="width=device-width, initial-scale=1.0, maximum-scale=1.0"
        /&gt;
        &lt;meta
            name="description"
            content="A hosted REST-API ready to respond to your AJAX requests"
        /&gt;
        &lt;title&gt;
            Reqres - A hosted REST-API ready to respond to your AJAX requests
        &lt;/title&gt;
        &lt;link
            href="//maxcdn.bootstrapcdn.com/font-awesome/4.2.0/css/font-awesome.min.css"
            rel="stylesheet"
        /&gt;

        &lt;link rel="stylesheet" href="/css/app.css" /&gt;
        &lt;script
            type="text/javascript"
            src="//m.servedby-buysellads.com/monetization.custom.js"
        &gt;&lt;/script&gt;
    &lt;/head&gt;
    &lt;body&gt;
        &lt;div class="header-content"&gt;
            &lt;header class="main-header"&gt;
                &lt;section class="wrap"&gt;
                    &lt;h1 class="logo"&gt;&lt;a href="/"&gt;Req&amp;#8201;|&amp;#8201;Res&lt;/a&gt;&lt;/h1&gt;
                &lt;/section&gt;
            &lt;/header&gt;
            &lt;main class="the-sell"&gt;
                &lt;div class="wrap"&gt;
                    &lt;h2 class="tagline"&gt;
                        Test your front-end against a real API
                    &lt;/h2&gt;
                    &lt;section class="key-sells"&gt;
                        &lt;div class="sell"&gt;
                            &lt;div class="v-center"&gt;
                                &lt;h3&gt;Fake data&lt;/h3&gt;
                                &lt;p&gt;
                                    No more tedious sample data creation, we've
                                    got it covered.
                                &lt;/p&gt;
                            &lt;/div&gt;
                            &lt;i class="fa fa-cloud-download"&gt;&lt;/i&gt;
                        &lt;/div&gt;
                        &lt;div class="sell"&gt;
                            &lt;div class="v-center"&gt;
                                &lt;h3&gt;Real responses&lt;/h3&gt;
                                &lt;p&gt;
                                    Develop with real response codes. GET, POST,
                                    PUT &amp;amp; DELETE supported.
                                &lt;/p&gt;
                            &lt;/div&gt;
                            &lt;i class="fa fa-code"&gt;&lt;/i&gt;
                        &lt;/div&gt;
                        &lt;div class="sell"&gt;
                            &lt;div class="v-center"&gt;
                                &lt;h3&gt;Always-on&lt;/h3&gt;
                                &lt;p&gt;
                                    24/7 &lt;strong&gt;&lt;em&gt;free&lt;/em&gt;&lt;/strong&gt; access
                                    in your development phases. Go nuts.
                                &lt;/p&gt;
                            &lt;/div&gt;
                            &lt;i class="fa fa-toggle-on"&gt;&lt;/i&gt;
                        &lt;/div&gt;
                    &lt;/section&gt;
                    &lt;h2 class="tagline"&gt;
                        A hosted REST-API ready to respond to your AJAX
                        requests.
                    &lt;/h2&gt;
                    &lt;div class="t-center main-arrow"&gt;
                        &lt;i class="fa fa-arrow-circle-down"&gt;&lt;/i&gt;
                    &lt;/div&gt;
                    &lt;script
                        async
                        type="text/javascript"
                        src="//cdn.carbonads.com/carbon.js?serve=CE7D6K3E&amp;placement=reqresin"
                        id="_carbonads_js"
                    &gt;&lt;/script&gt;
                &lt;/div&gt;
            &lt;/main&gt;
        &lt;/div&gt;
        &lt;div class="container"&gt;404&lt;/div&gt;
        &lt;footer&gt;
            &lt;div class="wrap"&gt;
                &lt;hr class="dark" /&gt;
                &lt;p class="t-center"&gt;
                    Made for developers and designers by
                    &lt;a href="https://benhowdle.im"&gt;Ben Howdle&lt;/a&gt;
                &lt;/p&gt;
            &lt;/div&gt;
        &lt;/footer&gt;
        &lt;script type="text/javascript" src="https://cdnjs.cloudflare.com/ajax/libs/fastclick/1.0.3/fastclick.min.js"&gt;&lt;/script&gt;
        &lt;script src="/js/app.js"&gt;&lt;/script&gt;
        &lt;!-- Global site tag (gtag.js) - Google Analytics --&gt;
        &lt;script
            async
            src="https://www.googletagmanager.com/gtag/js?id=UA-174008107-1"
        &gt;&lt;/script&gt;
        &lt;script&gt;
            window.dataLayer = window.dataLayer || []
            function gtag() {
                dataLayer.push(arguments)
            }
            gtag('js', new Date())

            gtag('config', 'UA-174008107-1')
        &lt;/script&gt;
        &lt;script&gt;
            ;(function (i, s, o, g, r, a, m) {
                i['GoogleAnalyticsObject'] = r
                ;(i[r] =
                    i[r] ||
                    function () {
                        ;(i[r].q = i[r].q || []).push(arguments)
                    }),
                    (i[r].l = 1 * new Date())
                ;(a = s.createElement(o)), (m = s.getElementsByTagName(o)[0])
                a.async = 1
                a.src = g
                m.parentNode.insertBefore(a, m)
            })(
                window,
                document,
                'script',
                '//www.google-analytics.com/analytics.js',
                'ga'
            )

            ga('create', 'UA-55888877-1', 'auto')
            ga('send', 'pageview')
        &lt;/script&gt;
        &lt;script&gt;
            ;(function () {
                if (typeof _bsa !== 'undefined' &amp;&amp; _bsa) {
                    _bsa.init(
                        'custom',
                        'CEBIP53J',
                        'placement:reqresin-sponsor',
                        {
                            target: '#impeccable-js',
                            template: `
        &lt;a href="##link##" rel="sponsored noopener" target="_blank" title="##company## — ##tagline##"&gt;
        &lt;img src="##logo##" style="background-color: ##backgroundColor##"&gt;
        &lt;div class="sponsor-description"&gt;##description##&lt;/div&gt;
        &lt;div class="sponsor-cta" style="background-color: ##backgroundColor##; color: ##textColor##"&gt;##callToAction##&lt;/div&gt;
        &lt;/a&gt;
        `,
                        }
                    )
                }
            })()
        &lt;/script&gt;
    &lt;/body&gt;
&lt;/html&gt;
 
 </msg>
<msg timestamp="20220317 12:31:27.592" level="INFO">${response} = &lt;Response [404]&gt;</msg>
<status status="PASS" starttime="20220317 12:31:27.277" endtime="20220317 12:31:27.592"></status>
</kw>
<kw name="Log To Console" library="BuiltIn">
<doc>Logs the given message to the console.</doc>
<arguments>
<arg>${response.status_code}</arg>
</arguments>
<status status="PASS" starttime="20220317 12:31:27.593" endtime="20220317 12:31:27.595"></status>
</kw>
<kw name="Convert To String" library="BuiltIn">
<doc>Converts the given item to a Unicode string.</doc>
<arguments>
<arg>${response.status_code}</arg>
</arguments>
<assign>
<var>${status}</var>
</assign>
<msg timestamp="20220317 12:31:27.597" level="INFO">${status} = 404</msg>
<status status="PASS" starttime="20220317 12:31:27.596" endtime="20220317 12:31:27.597"></status>
</kw>
<kw name="Should Be Equal" library="BuiltIn">
<doc>Fails if the given objects are unequal.</doc>
<arguments>
<arg>${status}</arg>
<arg>404</arg>
</arguments>
<status status="PASS" starttime="20220317 12:31:27.597" endtime="20220317 12:31:27.598"></status>
</kw>
<status status="PASS" starttime="20220317 12:31:27.274" endtime="20220317 12:31:27.598" critical="yes"></status>
</test>
<test id="s1-t2" name="Post_apicallPass">
<kw name="Create Session" library="RequestsLibrary">
<doc>Create Session: create a HTTP session to a server</doc>
<arguments>
<arg>myssion</arg>
<arg>${base_url}</arg>
<arg>disable_warnings=1</arg>
</arguments>
<msg timestamp="20220317 12:31:27.603" level="INFO">Creating Session using : alias=myssion, url=https://reqres.in/, headers={},                     cookies={}, auth=None, timeout=None, proxies=None, verify=False,                     debug=0 </msg>
<status status="PASS" starttime="20220317 12:31:27.602" endtime="20220317 12:31:27.603"></status>
</kw>
<kw name="Create Dictionary" library="BuiltIn">
<doc>Creates and returns a dictionary based on the given ``items``.</doc>
<arguments>
<arg>id=697</arg>
</arguments>
<assign>
<var>${body}</var>
</assign>
<msg timestamp="20220317 12:31:27.606" level="INFO">${body} = {'id': '697'}</msg>
<status status="PASS" starttime="20220317 12:31:27.605" endtime="20220317 12:31:27.606"></status>
</kw>
<kw name="Create Dictionary" library="BuiltIn">
<doc>Creates and returns a dictionary based on the given ``items``.</doc>
<arguments>
<arg>content_type=Application/json</arg>
</arguments>
<assign>
<var>${headers}</var>
</assign>
<msg timestamp="20220317 12:31:27.607" level="INFO">${headers} = {'content_type': 'Application/json'}</msg>
<status status="PASS" starttime="20220317 12:31:27.607" endtime="20220317 12:31:27.607"></status>
</kw>
<kw name="Post Request" library="RequestsLibrary">
<doc>Send a POST request on the session object found using the
given `alias`</doc>
<arguments>
<arg>myssion</arg>
<arg>/api/users?page=2</arg>
<arg>data=${body}</arg>
<arg>headers=${headers}</arg>
</arguments>
<assign>
<var>${response}</var>
</assign>
<msg timestamp="20220317 12:31:27.827" level="INFO">POST Request : url=https://reqres.in//api/users?page=2 
 path_url=//api/users?page=2 
 headers={'User-Agent': 'python-requests/2.27.1', 'Accept-Encoding': 'gzip, deflate', 'Accept': '*/*', 'Connection': 'keep-alive', 'content_type': 'Application/json', 'Content-Length': '6'} 
 body=id=697 
 </msg>
<msg timestamp="20220317 12:31:27.827" level="INFO">POST Response : url=https://reqres.in//api/users?page=2 
 status=404, reason=Not Found 
 body=&lt;!DOCTYPE html&gt;
&lt;html lang="en"&gt;
    &lt;head&gt;
        &lt;!-- Google Tag Manager --&gt;
        &lt;script&gt;
            ;(function (w, d, s, l, i) {
                w[l] = w[l] || []
                w[l].push({
                    'gtm.start': new Date().getTime(),
                    event: 'gtm.js',
                })
                var f = d.getElementsByTagName(s)[0],
                    j = d.createElement(s),
                    dl = l != 'dataLayer' ? '&amp;l=' + l : ''
                j.async = true
                j.src = 'https://www.googletagmanager.com/gtm.js?id=' + i + dl
                f.parentNode.insertBefore(j, f)
            })(window, document, 'script', 'dataLayer', 'GTM-KB622KF')
        &lt;/script&gt;
        &lt;!-- End Google Tag Manager --&gt;
        &lt;script src="https://js.stripe.com/v3/"&gt;&lt;/script&gt;
        &lt;meta charset="utf-8" /&gt;
        &lt;meta
            name="viewport"
            content="width=device-width, initial-scale=1.0, maximum-scale=1.0"
        /&gt;
        &lt;meta
            name="description"
            content="A hosted REST-API ready to respond to your AJAX requests"
        /&gt;
        &lt;title&gt;
            Reqres - A hosted REST-API ready to respond to your AJAX requests
        &lt;/title&gt;
        &lt;link
            href="//maxcdn.bootstrapcdn.com/font-awesome/4.2.0/css/font-awesome.min.css"
            rel="stylesheet"
        /&gt;

        &lt;link rel="stylesheet" href="/css/app.css" /&gt;
        &lt;script
            type="text/javascript"
            src="//m.servedby-buysellads.com/monetization.custom.js"
        &gt;&lt;/script&gt;
    &lt;/head&gt;
    &lt;body&gt;
        &lt;div class="header-content"&gt;
            &lt;header class="main-header"&gt;
                &lt;section class="wrap"&gt;
                    &lt;h1 class="logo"&gt;&lt;a href="/"&gt;Req&amp;#8201;|&amp;#8201;Res&lt;/a&gt;&lt;/h1&gt;
                &lt;/section&gt;
            &lt;/header&gt;
            &lt;main class="the-sell"&gt;
                &lt;div class="wrap"&gt;
                    &lt;h2 class="tagline"&gt;
                        Test your front-end against a real API
                    &lt;/h2&gt;
                    &lt;section class="key-sells"&gt;
                        &lt;div class="sell"&gt;
                            &lt;div class="v-center"&gt;
                                &lt;h3&gt;Fake data&lt;/h3&gt;
                                &lt;p&gt;
                                    No more tedious sample data creation, we've
                                    got it covered.
                                &lt;/p&gt;
                            &lt;/div&gt;
                            &lt;i class="fa fa-cloud-download"&gt;&lt;/i&gt;
                        &lt;/div&gt;
                        &lt;div class="sell"&gt;
                            &lt;div class="v-center"&gt;
                                &lt;h3&gt;Real responses&lt;/h3&gt;
                                &lt;p&gt;
                                    Develop with real response codes. GET, POST,
                                    PUT &amp;amp; DELETE supported.
                                &lt;/p&gt;
                            &lt;/div&gt;
                            &lt;i class="fa fa-code"&gt;&lt;/i&gt;
                        &lt;/div&gt;
                        &lt;div class="sell"&gt;
                            &lt;div class="v-center"&gt;
                                &lt;h3&gt;Always-on&lt;/h3&gt;
                                &lt;p&gt;
                                    24/7 &lt;strong&gt;&lt;em&gt;free&lt;/em&gt;&lt;/strong&gt; access
                                    in your development phases. Go nuts.
                                &lt;/p&gt;
                            &lt;/div&gt;
                            &lt;i class="fa fa-toggle-on"&gt;&lt;/i&gt;
                        &lt;/div&gt;
                    &lt;/section&gt;
                    &lt;h2 class="tagline"&gt;
                        A hosted REST-API ready to respond to your AJAX
                        requests.
                    &lt;/h2&gt;
                    &lt;div class="t-center main-arrow"&gt;
                        &lt;i class="fa fa-arrow-circle-down"&gt;&lt;/i&gt;
                    &lt;/div&gt;
                    &lt;script
                        async
                        type="text/javascript"
                        src="//cdn.carbonads.com/carbon.js?serve=CE7D6K3E&amp;placement=reqresin"
                        id="_carbonads_js"
                    &gt;&lt;/script&gt;
                &lt;/div&gt;
            &lt;/main&gt;
        &lt;/div&gt;
        &lt;div class="container"&gt;404&lt;/div&gt;
        &lt;footer&gt;
            &lt;div class="wrap"&gt;
                &lt;hr class="dark" /&gt;
                &lt;p class="t-center"&gt;
                    Made for developers and designers by
                    &lt;a href="https://benhowdle.im"&gt;Ben Howdle&lt;/a&gt;
                &lt;/p&gt;
            &lt;/div&gt;
        &lt;/footer&gt;
        &lt;script type="text/javascript" src="https://cdnjs.cloudflare.com/ajax/libs/fastclick/1.0.3/fastclick.min.js"&gt;&lt;/script&gt;
        &lt;script src="/js/app.js"&gt;&lt;/script&gt;
        &lt;!-- Global site tag (gtag.js) - Google Analytics --&gt;
        &lt;script
            async
            src="https://www.googletagmanager.com/gtag/js?id=UA-174008107-1"
        &gt;&lt;/script&gt;
        &lt;script&gt;
            window.dataLayer = window.dataLayer || []
            function gtag() {
                dataLayer.push(arguments)
            }
            gtag('js', new Date())

            gtag('config', 'UA-174008107-1')
        &lt;/script&gt;
        &lt;script&gt;
            ;(function (i, s, o, g, r, a, m) {
                i['GoogleAnalyticsObject'] = r
                ;(i[r] =
                    i[r] ||
                    function () {
                        ;(i[r].q = i[r].q || []).push(arguments)
                    }),
                    (i[r].l = 1 * new Date())
                ;(a = s.createElement(o)), (m = s.getElementsByTagName(o)[0])
                a.async = 1
                a.src = g
                m.parentNode.insertBefore(a, m)
            })(
                window,
                document,
                'script',
                '//www.google-analytics.com/analytics.js',
                'ga'
            )

            ga('create', 'UA-55888877-1', 'auto')
            ga('send', 'pageview')
        &lt;/script&gt;
        &lt;script&gt;
            ;(function () {
                if (typeof _bsa !== 'undefined' &amp;&amp; _bsa) {
                    _bsa.init(
                        'custom',
                        'CEBIP53J',
                        'placement:reqresin-sponsor',
                        {
                            target: '#impeccable-js',
                            template: `
        &lt;a href="##link##" rel="sponsored noopener" target="_blank" title="##company## — ##tagline##"&gt;
        &lt;img src="##logo##" style="background-color: ##backgroundColor##"&gt;
        &lt;div class="sponsor-description"&gt;##description##&lt;/div&gt;
        &lt;div class="sponsor-cta" style="background-color: ##backgroundColor##; color: ##textColor##"&gt;##callToAction##&lt;/div&gt;
        &lt;/a&gt;
        `,
                        }
                    )
                }
            })()
        &lt;/script&gt;
    &lt;/body&gt;
&lt;/html&gt;
 
 </msg>
<msg timestamp="20220317 12:31:27.828" level="INFO">${response} = &lt;Response [404]&gt;</msg>
<status status="PASS" starttime="20220317 12:31:27.608" endtime="20220317 12:31:27.828"></status>
</kw>
<kw name="Log To Console" library="BuiltIn">
<doc>Logs the given message to the console.</doc>
<arguments>
<arg>${response.status_code}</arg>
</arguments>
<status status="PASS" starttime="20220317 12:31:27.829" endtime="20220317 12:31:27.830"></status>
</kw>
<status status="PASS" starttime="20220317 12:31:27.601" endtime="20220317 12:31:27.831" critical="yes"></status>
</test>
<test id="s1-t3" name="Get value from json">
<kw name="Create Session" library="RequestsLibrary">
<doc>Create Session: create a HTTP session to a server</doc>
<arguments>
<arg>myssion</arg>
<arg>${base_url}</arg>
<arg>disable_warnings=1</arg>
</arguments>
<msg timestamp="20220317 12:31:27.836" level="INFO">Creating Session using : alias=myssion, url=https://reqres.in/, headers={},                     cookies={}, auth=None, timeout=None, proxies=None, verify=False,                     debug=0 </msg>
<status status="PASS" starttime="20220317 12:31:27.835" endtime="20220317 12:31:27.837"></status>
</kw>
<kw name="Get Request" library="RequestsLibrary">
<doc>Send a GET request on the session object found using the
given `alias`</doc>
<arguments>
<arg>myssion</arg>
<arg>/api/users?page=2</arg>
</arguments>
<assign>
<var>${response}</var>
</assign>
<msg timestamp="20220317 12:31:27.974" level="INFO">GET Request : url=https://reqres.in//api/users?page=2 
 path_url=//api/users?page=2 
 headers={'User-Agent': 'python-requests/2.27.1', 'Accept-Encoding': 'gzip, deflate', 'Accept': '*/*', 'Connection': 'keep-alive'} 
 body=None 
 </msg>
<msg timestamp="20220317 12:31:27.974" level="INFO">GET Response : url=https://reqres.in//api/users?page=2 
 status=404, reason=Not Found 
 body=&lt;!DOCTYPE html&gt;
&lt;html lang="en"&gt;
    &lt;head&gt;
        &lt;!-- Google Tag Manager --&gt;
        &lt;script&gt;
            ;(function (w, d, s, l, i) {
                w[l] = w[l] || []
                w[l].push({
                    'gtm.start': new Date().getTime(),
                    event: 'gtm.js',
                })
                var f = d.getElementsByTagName(s)[0],
                    j = d.createElement(s),
                    dl = l != 'dataLayer' ? '&amp;l=' + l : ''
                j.async = true
                j.src = 'https://www.googletagmanager.com/gtm.js?id=' + i + dl
                f.parentNode.insertBefore(j, f)
            })(window, document, 'script', 'dataLayer', 'GTM-KB622KF')
        &lt;/script&gt;
        &lt;!-- End Google Tag Manager --&gt;
        &lt;script src="https://js.stripe.com/v3/"&gt;&lt;/script&gt;
        &lt;meta charset="utf-8" /&gt;
        &lt;meta
            name="viewport"
            content="width=device-width, initial-scale=1.0, maximum-scale=1.0"
        /&gt;
        &lt;meta
            name="description"
            content="A hosted REST-API ready to respond to your AJAX requests"
        /&gt;
        &lt;title&gt;
            Reqres - A hosted REST-API ready to respond to your AJAX requests
        &lt;/title&gt;
        &lt;link
            href="//maxcdn.bootstrapcdn.com/font-awesome/4.2.0/css/font-awesome.min.css"
            rel="stylesheet"
        /&gt;

        &lt;link rel="stylesheet" href="/css/app.css" /&gt;
        &lt;script
            type="text/javascript"
            src="//m.servedby-buysellads.com/monetization.custom.js"
        &gt;&lt;/script&gt;
    &lt;/head&gt;
    &lt;body&gt;
        &lt;div class="header-content"&gt;
            &lt;header class="main-header"&gt;
                &lt;section class="wrap"&gt;
                    &lt;h1 class="logo"&gt;&lt;a href="/"&gt;Req&amp;#8201;|&amp;#8201;Res&lt;/a&gt;&lt;/h1&gt;
                &lt;/section&gt;
            &lt;/header&gt;
            &lt;main class="the-sell"&gt;
                &lt;div class="wrap"&gt;
                    &lt;h2 class="tagline"&gt;
                        Test your front-end against a real API
                    &lt;/h2&gt;
                    &lt;section class="key-sells"&gt;
                        &lt;div class="sell"&gt;
                            &lt;div class="v-center"&gt;
                                &lt;h3&gt;Fake data&lt;/h3&gt;
                                &lt;p&gt;
                                    No more tedious sample data creation, we've
                                    got it covered.
                                &lt;/p&gt;
                            &lt;/div&gt;
                            &lt;i class="fa fa-cloud-download"&gt;&lt;/i&gt;
                        &lt;/div&gt;
                        &lt;div class="sell"&gt;
                            &lt;div class="v-center"&gt;
                                &lt;h3&gt;Real responses&lt;/h3&gt;
                                &lt;p&gt;
                                    Develop with real response codes. GET, POST,
                                    PUT &amp;amp; DELETE supported.
                                &lt;/p&gt;
                            &lt;/div&gt;
                            &lt;i class="fa fa-code"&gt;&lt;/i&gt;
                        &lt;/div&gt;
                        &lt;div class="sell"&gt;
                            &lt;div class="v-center"&gt;
                                &lt;h3&gt;Always-on&lt;/h3&gt;
                                &lt;p&gt;
                                    24/7 &lt;strong&gt;&lt;em&gt;free&lt;/em&gt;&lt;/strong&gt; access
                                    in your development phases. Go nuts.
                                &lt;/p&gt;
                            &lt;/div&gt;
                            &lt;i class="fa fa-toggle-on"&gt;&lt;/i&gt;
                        &lt;/div&gt;
                    &lt;/section&gt;
                    &lt;h2 class="tagline"&gt;
                        A hosted REST-API ready to respond to your AJAX
                        requests.
                    &lt;/h2&gt;
                    &lt;div class="t-center main-arrow"&gt;
                        &lt;i class="fa fa-arrow-circle-down"&gt;&lt;/i&gt;
                    &lt;/div&gt;
                    &lt;script
                        async
                        type="text/javascript"
                        src="//cdn.carbonads.com/carbon.js?serve=CE7D6K3E&amp;placement=reqresin"
                        id="_carbonads_js"
                    &gt;&lt;/script&gt;
                &lt;/div&gt;
            &lt;/main&gt;
        &lt;/div&gt;
        &lt;div class="container"&gt;404&lt;/div&gt;
        &lt;footer&gt;
            &lt;div class="wrap"&gt;
                &lt;hr class="dark" /&gt;
                &lt;p class="t-center"&gt;
                    Made for developers and designers by
                    &lt;a href="https://benhowdle.im"&gt;Ben Howdle&lt;/a&gt;
                &lt;/p&gt;
            &lt;/div&gt;
        &lt;/footer&gt;
        &lt;script type="text/javascript" src="https://cdnjs.cloudflare.com/ajax/libs/fastclick/1.0.3/fastclick.min.js"&gt;&lt;/script&gt;
        &lt;script src="/js/app.js"&gt;&lt;/script&gt;
        &lt;!-- Global site tag (gtag.js) - Google Analytics --&gt;
        &lt;script
            async
            src="https://www.googletagmanager.com/gtag/js?id=UA-174008107-1"
        &gt;&lt;/script&gt;
        &lt;script&gt;
            window.dataLayer = window.dataLayer || []
            function gtag() {
                dataLayer.push(arguments)
            }
            gtag('js', new Date())

            gtag('config', 'UA-174008107-1')
        &lt;/script&gt;
        &lt;script&gt;
            ;(function (i, s, o, g, r, a, m) {
                i['GoogleAnalyticsObject'] = r
                ;(i[r] =
                    i[r] ||
                    function () {
                        ;(i[r].q = i[r].q || []).push(arguments)
                    }),
                    (i[r].l = 1 * new Date())
                ;(a = s.createElement(o)), (m = s.getElementsByTagName(o)[0])
                a.async = 1
                a.src = g
                m.parentNode.insertBefore(a, m)
            })(
                window,
                document,
                'script',
                '//www.google-analytics.com/analytics.js',
                'ga'
            )

            ga('create', 'UA-55888877-1', 'auto')
            ga('send', 'pageview')
        &lt;/script&gt;
        &lt;script&gt;
            ;(function () {
                if (typeof _bsa !== 'undefined' &amp;&amp; _bsa) {
                    _bsa.init(
                        'custom',
                        'CEBIP53J',
                        'placement:reqresin-sponsor',
                        {
                            target: '#impeccable-js',
                            template: `
        &lt;a href="##link##" rel="sponsored noopener" target="_blank" title="##company## — ##tagline##"&gt;
        &lt;img src="##logo##" style="background-color: ##backgroundColor##"&gt;
        &lt;div class="sponsor-description"&gt;##description##&lt;/div&gt;
        &lt;div class="sponsor-cta" style="background-color: ##backgroundColor##; color: ##textColor##"&gt;##callToAction##&lt;/div&gt;
        &lt;/a&gt;
        `,
                        }
                    )
                }
            })()
        &lt;/script&gt;
    &lt;/body&gt;
&lt;/html&gt;
 
 </msg>
<msg timestamp="20220317 12:31:27.975" level="INFO">${response} = &lt;Response [404]&gt;</msg>
<status status="PASS" starttime="20220317 12:31:27.837" endtime="20220317 12:31:27.975"></status>
</kw>
<kw name="Get Value From Json" library="JSONLibrary">
<doc>Get Value From JSON using JSONPath</doc>
<arguments>
<arg>${response}</arg>
<arg>$.data[0].first_name</arg>
</arguments>
<assign>
<var>${json}</var>
</assign>
<msg timestamp="20220317 12:31:28.057" level="INFO">${json} = []</msg>
<status status="PASS" starttime="20220317 12:31:27.976" endtime="20220317 12:31:28.058"></status>
</kw>
<kw name="Log To Console" library="BuiltIn">
<doc>Logs the given message to the console.</doc>
<arguments>
<arg>${json}</arg>
</arguments>
<status status="PASS" starttime="20220317 12:31:28.059" endtime="20220317 12:31:28.060"></status>
</kw>
<kw name="Should Not Be Equal" library="BuiltIn">
<doc>Fails if the given objects are equal.</doc>
<arguments>
<arg>${json}</arg>
<arg>Michael</arg>
</arguments>
<msg timestamp="20220317 12:31:28.061" level="INFO">Argument types are:
&lt;class 'list'&gt;
&lt;type 'unicode'&gt;</msg>
<status status="PASS" starttime="20220317 12:31:28.061" endtime="20220317 12:31:28.061"></status>
</kw>
<status status="PASS" starttime="20220317 12:31:27.834" endtime="20220317 12:31:28.062" critical="yes"></status>
</test>
<status status="PASS" starttime="20220317 12:31:26.510" endtime="20220317 12:31:28.066"></status>
</suite>
<statistics>
<total>
<stat pass="3" fail="0">Critical Tests</stat>
<stat pass="3" fail="0">All Tests</stat>
</total>
<tag>
</tag>
<suite>
<stat pass="3" fail="0" id="s1" name="Reqapi">Reqapi</stat>
</suite>
</statistics>
<errors>
</errors>
</robot>
